c:\users\robert\desktop\personal projects\3dengine\raytracer\lightwhat\v_0.4.1\source\debug\vc120.pdb
c:\users\robert\desktop\personal projects\3dengine\raytracer\lightwhat\v_0.4.1\source\debug\vc120.idb
c:\users\robert\desktop\personal projects\3dengine\raytracer\lightwhat\v_0.4.1\source\debug\imageexporter.obj
c:\users\robert\desktop\personal projects\3dengine\raytracer\lightwhat\v_0.4.1\source\debug\sceneloader.obj
c:\users\robert\desktop\personal projects\3dengine\raytracer\lightwhat\v_0.4.1\source\debug\tinyxml2.obj
c:\users\robert\desktop\personal projects\3dengine\raytracer\lightwhat\v_0.4.1\source\debug\winmain.obj
c:\users\robert\desktop\personal projects\3dengine\raytracer\lightwhat\v_0.4.1\source\debug\main.obj
c:\users\robert\desktop\personal projects\3dengine\raytracer\lightwhat\v_0.4.1\source\debug\applicationroot.obj
c:\users\robert\desktop\personal projects\3dengine\raytracer\lightwhat\v_0.4.1\source\debug\common.obj
c:\users\robert\desktop\personal projects\3dengine\raytracer\lightwhat\v_0.4.1\source\debug\commonr.obj
c:\users\robert\desktop\personal projects\3dengine\raytracer\lightwhat\v_0.4.1\source\debug\postprocessor.obj
c:\users\robert\desktop\personal projects\3dengine\raytracer\lightwhat\v_0.4.1\source\debug\renderer.obj
c:\users\robert\desktop\personal projects\3dengine\raytracer\lightwhat\v_0.4.1\source\debug\scene.obj
c:\users\robert\desktop\personal projects\3dengine\raytracer\lightwhat\v_0.4.1\source\debug\shape.obj
c:\users\robert\desktop\personal projects\3dengine\raytracer\lightwhat\v_0.4.1\source\debug\mesh.obj
c:\users\robert\desktop\personal projects\3dengine\raytracer\lightwhat\v_0.4.1\source\debug\plane.obj
c:\users\robert\desktop\personal projects\3dengine\raytracer\lightwhat\v_0.4.1\source\debug\sphere.obj
c:\users\robert\desktop\personal projects\3dengine\raytracer\lightwhat\v_0.4.1\source\debug\lightwhat.ilk
c:\users\robert\desktop\personal projects\3dengine\raytracer\lightwhat\v_0.4.1\source\debug\lightwhat.exe
c:\users\robert\desktop\personal projects\3dengine\raytracer\lightwhat\v_0.4.1\source\debug\lightwhat.pdb
c:\users\robert\desktop\personal projects\3dengine\raytracer\lightwhat\v_0.4.1\source\debug\lightwhat.res
c:\users\robert\desktop\personal projects\3dengine\raytracer\github\lightwhat\debug\applicationroot.obj
c:\users\robert\desktop\personal projects\3dengine\raytracer\github\lightwhat\debug\common.obj
c:\users\robert\desktop\personal projects\3dengine\raytracer\github\lightwhat\debug\commonr.obj
c:\users\robert\desktop\personal projects\3dengine\raytracer\github\lightwhat\debug\imageexporter.obj
c:\users\robert\desktop\personal projects\3dengine\raytracer\github\lightwhat\debug\main.obj
c:\users\robert\desktop\personal projects\3dengine\raytracer\github\lightwhat\debug\mesh.obj
c:\users\robert\desktop\personal projects\3dengine\raytracer\github\lightwhat\debug\plane.obj
c:\users\robert\desktop\personal projects\3dengine\raytracer\github\lightwhat\debug\postprocessor.obj
c:\users\robert\desktop\personal projects\3dengine\raytracer\github\lightwhat\debug\renderer.obj
c:\users\robert\desktop\personal projects\3dengine\raytracer\github\lightwhat\debug\scene.obj
c:\users\robert\desktop\personal projects\3dengine\raytracer\github\lightwhat\debug\sceneloader.obj
c:\users\robert\desktop\personal projects\3dengine\raytracer\github\lightwhat\debug\shape.obj
c:\users\robert\desktop\personal projects\3dengine\raytracer\github\lightwhat\debug\sphere.obj
c:\users\robert\desktop\personal projects\3dengine\raytracer\github\lightwhat\debug\tinyxml2.obj
c:\users\robert\desktop\personal projects\3dengine\raytracer\github\lightwhat\debug\winmain.obj
c:\users\robert\desktop\personal projects\3dengine\raytracer\github\lightwhat\debug\lightwhat.ilk
c:\users\robert\desktop\personal projects\3dengine\raytracer\github\lightwhat\debug\lightwhat.res
c:\users\robert\desktop\personal projects\3dengine\raytracer\github\lightwhat\debug\vc120.idb
c:\users\robert\desktop\personal projects\3dengine\raytracer\github\lightwhat\debug\lightwhat.pdb
c:\users\robert\desktop\personal projects\3dengine\raytracer\github\lightwhat\debug\vc120.pdb
c:\users\robert\desktop\personal projects\3dengine\raytracer\github\lightwhat\debug\..\debug\lightwhat.pdb
c:\users\robert\desktop\personal projects\3dengine\raytracer\github\lightwhat\source\..\debug\lightwhat.exe
c:\users\robert\desktop\personal projects\3dengine\raytracer\github\lightwhat\debug\..\debug\lightwhat.ilk
c:\users\robert\desktop\personal projects\3dengine\raytracer\github\lightwhat\debug\lightwhat.tlog\cl.command.1.tlog
c:\users\robert\desktop\personal projects\3dengine\raytracer\github\lightwhat\debug\lightwhat.tlog\cl.read.1.tlog
c:\users\robert\desktop\personal projects\3dengine\raytracer\github\lightwhat\debug\lightwhat.tlog\cl.write.1.tlog
c:\users\robert\desktop\personal projects\3dengine\raytracer\github\lightwhat\debug\lightwhat.tlog\link.command.1.tlog
c:\users\robert\desktop\personal projects\3dengine\raytracer\github\lightwhat\debug\lightwhat.tlog\link.read.1.tlog
c:\users\robert\desktop\personal projects\3dengine\raytracer\github\lightwhat\debug\lightwhat.tlog\link.write.1.tlog
c:\users\robert\desktop\personal projects\3dengine\raytracer\github\lightwhat\debug\lightwhat.tlog\rc.command.1.tlog
c:\users\robert\desktop\personal projects\3dengine\raytracer\github\lightwhat\debug\lightwhat.tlog\rc.read.1.tlog
c:\users\robert\desktop\personal projects\3dengine\raytracer\github\lightwhat\debug\lightwhat.tlog\rc.write.1.tlog
