c:\users\robert\desktop\personal projects\3dengine\raytracer\lightwhat\v_0.4.1\source\release\vc120.pdb
c:\users\robert\desktop\personal projects\3dengine\raytracer\lightwhat\v_0.4.1\source\release\sphere.obj
c:\users\robert\desktop\personal projects\3dengine\raytracer\lightwhat\v_0.4.1\source\release\plane.obj
c:\users\robert\desktop\personal projects\3dengine\raytracer\lightwhat\v_0.4.1\source\release\mesh.obj
c:\users\robert\desktop\personal projects\3dengine\raytracer\lightwhat\v_0.4.1\source\release\shape.obj
c:\users\robert\desktop\personal projects\3dengine\raytracer\lightwhat\v_0.4.1\source\release\scene.obj
c:\users\robert\desktop\personal projects\3dengine\raytracer\lightwhat\v_0.4.1\source\release\renderer.obj
c:\users\robert\desktop\personal projects\3dengine\raytracer\lightwhat\v_0.4.1\source\release\postprocessor.obj
c:\users\robert\desktop\personal projects\3dengine\raytracer\lightwhat\v_0.4.1\source\release\commonr.obj
c:\users\robert\desktop\personal projects\3dengine\raytracer\lightwhat\v_0.4.1\source\release\common.obj
c:\users\robert\desktop\personal projects\3dengine\raytracer\lightwhat\v_0.4.1\source\release\applicationroot.obj
c:\users\robert\desktop\personal projects\3dengine\raytracer\lightwhat\v_0.4.1\source\release\main.obj
c:\users\robert\desktop\personal projects\3dengine\raytracer\lightwhat\v_0.4.1\source\release\winmain.obj
c:\users\robert\desktop\personal projects\3dengine\raytracer\lightwhat\v_0.4.1\source\release\tinyxml2.obj
c:\users\robert\desktop\personal projects\3dengine\raytracer\lightwhat\v_0.4.1\source\release\sceneloader.obj
c:\users\robert\desktop\personal projects\3dengine\raytracer\lightwhat\v_0.4.1\source\release\imageexporter.obj
c:\users\robert\desktop\personal projects\3dengine\raytracer\lightwhat\v_0.4.1\source\release\lightwhat.exe
c:\users\robert\desktop\personal projects\3dengine\raytracer\lightwhat\v_0.4.1\source\release\lightwhat.pdb
c:\users\robert\desktop\personal projects\3dengine\raytracer\lightwhat\v_0.4.1\source\release\lightwhat.res
c:\users\robert\desktop\personal projects\3dengine\raytracer\lightwhat\v_0.4.1\source\release\lightwhat.tlog\cl.command.1.tlog
c:\users\robert\desktop\personal projects\3dengine\raytracer\lightwhat\v_0.4.1\source\release\lightwhat.tlog\cl.read.1.tlog
c:\users\robert\desktop\personal projects\3dengine\raytracer\lightwhat\v_0.4.1\source\release\lightwhat.tlog\cl.write.1.tlog
c:\users\robert\desktop\personal projects\3dengine\raytracer\lightwhat\v_0.4.1\source\release\lightwhat.tlog\link.command.1.tlog
c:\users\robert\desktop\personal projects\3dengine\raytracer\lightwhat\v_0.4.1\source\release\lightwhat.tlog\link.read.1.tlog
c:\users\robert\desktop\personal projects\3dengine\raytracer\lightwhat\v_0.4.1\source\release\lightwhat.tlog\link.write.1.tlog
c:\users\robert\desktop\personal projects\3dengine\raytracer\lightwhat\v_0.4.1\source\release\lightwhat.tlog\rc.command.1.tlog
c:\users\robert\desktop\personal projects\3dengine\raytracer\lightwhat\v_0.4.1\source\release\lightwhat.tlog\rc.read.1.tlog
c:\users\robert\desktop\personal projects\3dengine\raytracer\lightwhat\v_0.4.1\source\release\lightwhat.tlog\rc.write.1.tlog
