Build started 3/3/2015 5:10:26 PM.
     1>Project "C:\Users\Robert\Desktop\Personal Projects\3DEngine\Raytracer\GitHub\LightWhat\source\LightWhat.vcxproj" on node 2 (Rebuild target(s)).
     1>C:\Program Files (x86)\MSBuild\Microsoft.Cpp\v4.0\V120\Microsoft.CppClean.targets(76,5): warning : The process cannot access the file 'c:\users\robert\desktop\personal projects\3dengine\raytracer\github\lightwhat\release\postprocessor.obj' because it is being used by another process.
     1>ClCompile:
         C:\Program Files (x86)\Microsoft Visual Studio 12.0\VC\bin\CL.exe /c /I"C:\Users\Robert\Desktop\Personal Projects\3DEngine\Raytracer\GitHub\LightWhat\source\dependancies\include\assimp" /I"C:\Users\Robert\Desktop\Personal Projects\3DEngine\Raytracer\GitHub\LightWhat\source\dependancies\include\IL" /Zi /nologo /W3 /WX- /sdl /O2 /Oi /Oy- /GL /D _CRT_SECURE_NO_WARNINGS /D _MBCS /Gm- /EHsc /MD /GS /Gy /fp:precise /Zc:wchar_t /Zc:forScope /Fo"..\Release\\" /Fd"..\Release\vc120.pdb" /Gd /TP /analyze- /errorReport:prompt FileManagment\ImageExporter.cpp FileManagment\SceneLoader.cpp FileManagment\TextureLoader.cpp FileManagment\tinyxml2.cpp GUI\winmain.cpp main.cpp ApplicationRoot.cpp Rendering\common.cpp Rendering\commonR.cpp Rendering\PostProcessor.cpp Rendering\Renderer.cpp Rendering\Scene.cpp Rendering\shape.cpp Rendering\shapes\Mesh.cpp Rendering\shapes\Plane.cpp Rendering\shapes\Sphere.cpp Rendering\Texture.cpp
         ImageExporter.cpp
         SceneLoader.cpp
         TextureLoader.cpp
         tinyxml2.cpp
         winmain.cpp
         main.cpp
         ApplicationRoot.cpp
         common.cpp
         commonR.cpp
         PostProcessor.cpp
         Renderer.cpp
         Scene.cpp
         shape.cpp
         Mesh.cpp
         Plane.cpp
         Sphere.cpp
         Texture.cpp
       ResourceCompile:
         C:\Program Files (x86)\Windows Kits\8.1\bin\x86\rc.exe /l"0x0409" /nologo /fo"..\Release\LightWhat.res" LightWhat.rc 
       Link:
         C:\Program Files (x86)\Microsoft Visual Studio 12.0\VC\bin\link.exe /ERRORREPORT:PROMPT /OUT:"..\Release\LightWhat.exe" /NOLOGO /LIBPATH:"C:\Users\Robert\Desktop\Personal Projects\3DEngine\Raytracer\LightWhat\v_0.4.1\source\dependancies\lib" SDL2.lib SDL2main.lib assimp.lib DevIL.lib ILU.lib ILUT.lib kernel32.lib user32.lib gdi32.lib winspool.lib comdlg32.lib advapi32.lib shell32.lib ole32.lib oleaut32.lib uuid.lib odbc32.lib odbccp32.lib /MANIFEST /MANIFESTUAC:"level='asInvoker' uiAccess='false'" /manifest:embed /DEBUG /PDB:"..\Release\LightWhat.pdb" /SUBSYSTEM:CONSOLE /OPT:REF /OPT:ICF /LTCG /TLBID:1 /DYNAMICBASE /NXCOMPAT /IMPLIB:"..\Release\LightWhat.lib" /MACHINE:X86 /SAFESEH ..\Release\LightWhat.res
         ..\Release\ImageExporter.obj
         ..\Release\SceneLoader.obj
         ..\Release\TextureLoader.obj
         ..\Release\tinyxml2.obj
         ..\Release\winmain.obj
         ..\Release\main.obj
         ..\Release\ApplicationRoot.obj
         ..\Release\common.obj
         ..\Release\commonR.obj
         ..\Release\PostProcessor.obj
         ..\Release\Renderer.obj
         ..\Release\Scene.obj
         ..\Release\shape.obj
         ..\Release\Mesh.obj
         ..\Release\Plane.obj
         ..\Release\Sphere.obj
         ..\Release\Texture.obj
         Generating code
         Finished generating code
         LightWhat.vcxproj -> C:\Users\Robert\Desktop\Personal Projects\3DEngine\Raytracer\GitHub\LightWhat\source\..\Release\LightWhat.exe
     1>Done Building Project "C:\Users\Robert\Desktop\Personal Projects\3DEngine\Raytracer\GitHub\LightWhat\source\LightWhat.vcxproj" (Rebuild target(s)).

Build succeeded.

Time Elapsed 00:00:10.46
