c:\users\robert\desktop\personal projects\3dengine\raytracer\github\lightwhat\release\vc120.pdb
c:\users\robert\desktop\personal projects\3dengine\raytracer\github\lightwhat\release\texture.obj
c:\users\robert\desktop\personal projects\3dengine\raytracer\github\lightwhat\release\sphere.obj
c:\users\robert\desktop\personal projects\3dengine\raytracer\github\lightwhat\release\plane.obj
c:\users\robert\desktop\personal projects\3dengine\raytracer\github\lightwhat\release\mesh.obj
c:\users\robert\desktop\personal projects\3dengine\raytracer\github\lightwhat\release\shape.obj
c:\users\robert\desktop\personal projects\3dengine\raytracer\github\lightwhat\release\scene.obj
c:\users\robert\desktop\personal projects\3dengine\raytracer\github\lightwhat\release\renderer.obj
c:\users\robert\desktop\personal projects\3dengine\raytracer\github\lightwhat\release\postprocessor.obj
c:\users\robert\desktop\personal projects\3dengine\raytracer\github\lightwhat\release\commonr.obj
c:\users\robert\desktop\personal projects\3dengine\raytracer\github\lightwhat\release\common.obj
c:\users\robert\desktop\personal projects\3dengine\raytracer\github\lightwhat\release\applicationroot.obj
c:\users\robert\desktop\personal projects\3dengine\raytracer\github\lightwhat\release\main.obj
c:\users\robert\desktop\personal projects\3dengine\raytracer\github\lightwhat\release\winmain.obj
c:\users\robert\desktop\personal projects\3dengine\raytracer\github\lightwhat\release\tinyxml2.obj
c:\users\robert\desktop\personal projects\3dengine\raytracer\github\lightwhat\release\textureloader.obj
c:\users\robert\desktop\personal projects\3dengine\raytracer\github\lightwhat\release\sceneloader.obj
c:\users\robert\desktop\personal projects\3dengine\raytracer\github\lightwhat\release\imageexporter.obj
c:\users\robert\desktop\personal projects\3dengine\raytracer\github\lightwhat\release\lightwhat.exe
c:\users\robert\desktop\personal projects\3dengine\raytracer\github\lightwhat\release\lightwhat.pdb
c:\users\robert\desktop\personal projects\3dengine\raytracer\github\lightwhat\release\lightwhat.res
c:\users\robert\desktop\personal projects\3dengine\raytracer\github\lightwhat\buildfiles\applicationroot.obj
c:\users\robert\desktop\personal projects\3dengine\raytracer\github\lightwhat\buildfiles\common.obj
c:\users\robert\desktop\personal projects\3dengine\raytracer\github\lightwhat\buildfiles\commonr.obj
c:\users\robert\desktop\personal projects\3dengine\raytracer\github\lightwhat\buildfiles\imageexporter.obj
c:\users\robert\desktop\personal projects\3dengine\raytracer\github\lightwhat\buildfiles\main.obj
c:\users\robert\desktop\personal projects\3dengine\raytracer\github\lightwhat\buildfiles\mesh.obj
c:\users\robert\desktop\personal projects\3dengine\raytracer\github\lightwhat\buildfiles\plane.obj
c:\users\robert\desktop\personal projects\3dengine\raytracer\github\lightwhat\buildfiles\postprocessor.obj
c:\users\robert\desktop\personal projects\3dengine\raytracer\github\lightwhat\buildfiles\renderer.obj
c:\users\robert\desktop\personal projects\3dengine\raytracer\github\lightwhat\buildfiles\scene.obj
c:\users\robert\desktop\personal projects\3dengine\raytracer\github\lightwhat\buildfiles\sceneloader.obj
c:\users\robert\desktop\personal projects\3dengine\raytracer\github\lightwhat\buildfiles\shape.obj
c:\users\robert\desktop\personal projects\3dengine\raytracer\github\lightwhat\buildfiles\sphere.obj
c:\users\robert\desktop\personal projects\3dengine\raytracer\github\lightwhat\buildfiles\texture.obj
c:\users\robert\desktop\personal projects\3dengine\raytracer\github\lightwhat\buildfiles\textureloader.obj
c:\users\robert\desktop\personal projects\3dengine\raytracer\github\lightwhat\buildfiles\tinyxml2.obj
c:\users\robert\desktop\personal projects\3dengine\raytracer\github\lightwhat\buildfiles\winmain.obj
c:\users\robert\desktop\personal projects\3dengine\raytracer\github\lightwhat\buildfiles\lightwhat.tlog\cl.command.1.tlog
c:\users\robert\desktop\personal projects\3dengine\raytracer\github\lightwhat\buildfiles\lightwhat.tlog\cl.read.1.tlog
c:\users\robert\desktop\personal projects\3dengine\raytracer\github\lightwhat\buildfiles\lightwhat.tlog\cl.write.1.tlog
c:\users\robert\desktop\personal projects\3dengine\raytracer\github\lightwhat\buildfiles\lightwhat.tlog\link.command.1.tlog
c:\users\robert\desktop\personal projects\3dengine\raytracer\github\lightwhat\buildfiles\lightwhat.tlog\link.read.1.tlog
c:\users\robert\desktop\personal projects\3dengine\raytracer\github\lightwhat\buildfiles\lightwhat.tlog\link.write.1.tlog
c:\users\robert\desktop\personal projects\3dengine\raytracer\github\lightwhat\buildfiles\lightwhat.tlog\rc.command.1.tlog
c:\users\robert\desktop\personal projects\3dengine\raytracer\github\lightwhat\buildfiles\lightwhat.tlog\rc.read.1.tlog
c:\users\robert\desktop\personal projects\3dengine\raytracer\github\lightwhat\buildfiles\lightwhat.tlog\rc.write.1.tlog
